<?xml version="1.0" encoding="UTF-8"?>
<!-- Generated by org.testng.reporters.JUnitReportReporter -->
<testsuite skipped="0" hostname="LAPTOP-O4I02FC2" name="testcases.LoginPageTest" tests="2" failures="0" timestamp="15 Feb 2021 03:58:53 GMT" time="21.025" errors="0">
  <testcase name="loginTest" time="8.678" classname="testcases.LoginPageTest"/>
  <testcase name="loginpageTitleTest" time="12.347" classname="testcases.LoginPageTest"/>
</testsuite> <!-- testcases.LoginPageTest -->
